Using pre-set license
Built from '2021.3/staging' branch; Version is '2021.3.23f1 (213b516bf396) revision 2177873'; Using compiler version '192829333'; Build Type 'Release'
OS: 'Windows 10  (10.0.19045) 64bit Professional' Language: 'en' Physical Memory: 32655 MB
BatchMode: 1, IsHumanControllingUs: 0, StartBugReporterOnCrash: 0, Is64bit: 1, IsPro: 1

COMMAND LINE ARGUMENTS:
C:\Program Files\Unity\Hub\Editor\2021.3.23f1\Editor\Unity.exe
-adb2
-batchMode
-noUpm
-name
AssetImportWorker2
-projectPath
D:/~~school-games-portfolio~~/Chemcola/GameJam-ChemCola/ChemCola-Main
-logFile
Logs/AssetImportWorker2.log
-srvPort
61678
Successfully changed project path to: D:/~~school-games-portfolio~~/Chemcola/GameJam-ChemCola/ChemCola-Main
D:/~~school-games-portfolio~~/Chemcola/GameJam-ChemCola/ChemCola-Main
[UnityMemory] Configuration Parameters - Can be set up in boot.config
    "memorysetup-bucket-allocator-granularity=16"
    "memorysetup-bucket-allocator-bucket-count=8"
    "memorysetup-bucket-allocator-block-size=33554432"
    "memorysetup-bucket-allocator-block-count=8"
    "memorysetup-main-allocator-block-size=16777216"
    "memorysetup-thread-allocator-block-size=16777216"
    "memorysetup-gfx-main-allocator-block-size=16777216"
    "memorysetup-gfx-thread-allocator-block-size=16777216"
    "memorysetup-cache-allocator-block-size=4194304"
    "memorysetup-typetree-allocator-block-size=2097152"
    "memorysetup-profiler-bucket-allocator-granularity=16"
    "memorysetup-profiler-bucket-allocator-bucket-count=8"
    "memorysetup-profiler-bucket-allocator-block-size=33554432"
    "memorysetup-profiler-bucket-allocator-block-count=8"
    "memorysetup-profiler-allocator-block-size=16777216"
    "memorysetup-profiler-editor-allocator-block-size=1048576"
    "memorysetup-temp-allocator-size-main=16777216"
    "memorysetup-job-temp-allocator-block-size=2097152"
    "memorysetup-job-temp-allocator-block-size-background=1048576"
    "memorysetup-job-temp-allocator-reduction-small-platforms=262144"
    "memorysetup-temp-allocator-size-background-worker=32768"
    "memorysetup-temp-allocator-size-job-worker=262144"
    "memorysetup-temp-allocator-size-preload-manager=33554432"
    "memorysetup-temp-allocator-size-nav-mesh-worker=65536"
    "memorysetup-temp-allocator-size-audio-worker=65536"
    "memorysetup-temp-allocator-size-cloud-worker=32768"
    "memorysetup-temp-allocator-size-gi-baking-worker=262144"
    "memorysetup-temp-allocator-size-gfx=262144"
Player connection [23232] Host "[IP] 10.0.0.3 [Port] 0 [Flags] 2 [Guid] 346650780 [EditorId] 346650780 [Version] 1048832 [Id] WindowsEditor(7,DESKTOP-AEKAELC) [Debug] 1 [PackageName] WindowsEditor [ProjectName] Editor" joined multi-casting on [225.0.0.222:54997]...

Player connection [23232] Host "[IP] 10.0.0.3 [Port] 0 [Flags] 2 [Guid] 346650780 [EditorId] 346650780 [Version] 1048832 [Id] WindowsEditor(7,DESKTOP-AEKAELC) [Debug] 1 [PackageName] WindowsEditor [ProjectName] Editor" joined alternative multi-casting on [225.0.0.222:34997]...

Refreshing native plugins compatible for Editor in 85.76 ms, found 3 plugins.
Preloading 0 native plugins for Editor in 0.00 ms.
Initialize engine version: 2021.3.23f1 (213b516bf396)
[Subsystems] Discovering subsystems at path C:/Program Files/Unity/Hub/Editor/2021.3.23f1/Editor/Data/Resources/UnitySubsystems
[Subsystems] Discovering subsystems at path D:/~~school-games-portfolio~~/Chemcola/GameJam-ChemCola/ChemCola-Main/Assets
GfxDevice: creating device client; threaded=0; jobified=0
Direct3D:
    Version:  Direct3D 11.0 [level 11.1]
    Renderer: NVIDIA GeForce RTX 2060 SUPER (ID=0x1f06)
    Vendor:   NVIDIA
    VRAM:     8019 MB
    Driver:   31.0.15.3141
Initialize mono
Mono path[0] = 'C:/Program Files/Unity/Hub/Editor/2021.3.23f1/Editor/Data/Managed'
Mono path[1] = 'C:/Program Files/Unity/Hub/Editor/2021.3.23f1/Editor/Data/MonoBleedingEdge/lib/mono/unityjit-win32'
Mono config path = 'C:/Program Files/Unity/Hub/Editor/2021.3.23f1/Editor/Data/MonoBleedingEdge/etc'
Using monoOptions --debugger-agent=transport=dt_socket,embedding=1,server=y,suspend=n,address=127.0.0.1:56948
Begin MonoManager ReloadAssembly
Registering precompiled unity dll's ...
Register platform support module: C:/Program Files/Unity/Hub/Editor/2021.3.23f1/Editor/Data/PlaybackEngines/WebGLSupport/UnityEditor.WebGL.Extensions.dll
Register platform support module: C:/Program Files/Unity/Hub/Editor/2021.3.23f1/Editor/Data/PlaybackEngines/WindowsStandaloneSupport/UnityEditor.WindowsStandalone.Extensions.dll
Registered in 0.007095 seconds.
Native extension for WindowsStandalone target not found
Native extension for WebGL target not found
Refreshing native plugins compatible for Editor in 86.28 ms, found 3 plugins.
Preloading 0 native plugins for Editor in 0.00 ms.
Mono: successfully reloaded assembly
- Completed reload, in  0.562 seconds
Domain Reload Profiling:
	ReloadAssembly (563ms)
		BeginReloadAssembly (83ms)
			ExecutionOrderSort (0ms)
			DisableScriptedObjects (0ms)
			BackupInstance (0ms)
			ReleaseScriptingObjects (0ms)
			CreateAndSetChildDomain (1ms)
		EndReloadAssembly (392ms)
			LoadAssemblies (81ms)
			RebuildTransferFunctionScriptingTraits (0ms)
			SetupTypeCache (88ms)
			ReleaseScriptCaches (0ms)
			RebuildScriptCaches (21ms)
			SetupLoadedEditorAssemblies (242ms)
				LogAssemblyErrors (0ms)
				InitializePlatformSupportModulesInManaged (8ms)
				SetLoadedEditorAssemblies (0ms)
				RefreshPlugins (86ms)
				BeforeProcessingInitializeOnLoad (1ms)
				ProcessInitializeOnLoadAttributes (112ms)
				ProcessInitializeOnLoadMethodAttributes (35ms)
				AfterProcessingInitializeOnLoad (0ms)
				EditorAssembliesLoaded (0ms)
			ExecutionOrderSort2 (0ms)
			AwakeInstancesAfterBackupRestoration (0ms)
Platform modules already initialized, skipping
Registering precompiled user dll's ...
Registered in 0.003719 seconds.
Begin MonoManager ReloadAssembly
Symbol file LoadedFromMemory doesn't match image D:\~~school-games-portfolio~~\Chemcola\GameJam-ChemCola\ChemCola-Main\Library\PackageCache\com.unity.visualscripting@1.8.0\Editor\VisualScripting.Core\Dependencies\YamlDotNet\Unity.VisualScripting.YamlDotNet.dll
Symbol file LoadedFromMemory doesn't match image D:\~~school-games-portfolio~~\Chemcola\GameJam-ChemCola\ChemCola-Main\Library\PackageCache\com.unity.visualscripting@1.8.0\Editor\VisualScripting.Core\Dependencies\DotNetZip\Unity.VisualScripting.IonicZip.dll
Native extension for WindowsStandalone target not found
Native extension for WebGL target not found
Refreshing native plugins compatible for Editor in 96.53 ms, found 3 plugins.
Preloading 0 native plugins for Editor in 0.00 ms.
Mono: successfully reloaded assembly
- Completed reload, in  1.004 seconds
Domain Reload Profiling:
	ReloadAssembly (1005ms)
		BeginReloadAssembly (100ms)
			ExecutionOrderSort (0ms)
			DisableScriptedObjects (5ms)
			BackupInstance (0ms)
			ReleaseScriptingObjects (0ms)
			CreateAndSetChildDomain (17ms)
		EndReloadAssembly (814ms)
			LoadAssemblies (73ms)
			RebuildTransferFunctionScriptingTraits (0ms)
			SetupTypeCache (217ms)
			ReleaseScriptCaches (1ms)
			RebuildScriptCaches (47ms)
			SetupLoadedEditorAssemblies (453ms)
				LogAssemblyErrors (0ms)
				InitializePlatformSupportModulesInManaged (5ms)
				SetLoadedEditorAssemblies (0ms)
				RefreshPlugins (97ms)
				BeforeProcessingInitializeOnLoad (96ms)
				ProcessInitializeOnLoadAttributes (185ms)
				ProcessInitializeOnLoadMethodAttributes (62ms)
				AfterProcessingInitializeOnLoad (7ms)
				EditorAssembliesLoaded (0ms)
			ExecutionOrderSort2 (0ms)
			AwakeInstancesAfterBackupRestoration (5ms)
Platform modules already initialized, skipping
========================================================================
Worker process is ready to serve import requests
Launched and connected shader compiler UnityShaderCompiler.exe after 0.04 seconds
Refreshing native plugins compatible for Editor in 0.76 ms, found 3 plugins.
Preloading 0 native plugins for Editor in 0.00 ms.
Unloading 4718 Unused Serialized files (Serialized files now loaded: 0)
Unloading 31 unused Assets / (0.7 MB). Loaded Objects now: 5172.
Memory consumption went from 189.6 MB to 188.9 MB.
Total: 3.087900 ms (FindLiveObjects: 0.346600 ms CreateObjectMapping: 0.123400 ms MarkObjects: 2.332200 ms  DeleteObjects: 0.285100 ms)

AssetImportParameters requested are different than current active one (requested -> active):
  custom:video-decoder-ogg-theora: a1e56fd34408186e4bbccfd4996cb3dc -> 
  custom:container-muxer-webm: aa71ff27fc2769a1b78a27578f13a17b -> 
  custom:container-demuxer-webm: 4f35f7cbe854078d1ac9338744f61a02 -> 
  custom:video-encoder-webm-vp8: eb34c28f22e8b96e1ab97ce403110664 -> 
  custom:audio-encoder-webm-vorbis: bf7c407c2cedff20999df2af8eb42d56 -> 
  custom:framework-win-MediaFoundation: 216162199b28c13a410421893ffa2e32 -> 
  custom:container-demuxer-ogg: 62fdf1f143b41e24485cea50d1cbac27 -> 
  custom:video-decoder-webm-vp8: 9c59270c3fd7afecdb556c50c9e8de78 -> 
  custom:audio-decoder-ogg-vorbis: bf7c407c2cedff20999df2af8eb42d56 -> 
========================================================================
Received Import Request.
  Time since last request: 835386.336581 seconds.
  path: Assets/Audio
  artifactKey: Guid(3d984672705302545a673a62d91412ba) Importer(815301076,1909f56bfc062723c751e8b465ee728b)
Start importing Assets/Audio using Guid(3d984672705302545a673a62d91412ba) Importer(815301076,1909f56bfc062723c751e8b465ee728b)  -> (artifact id: '7e5a8e19737cc4d561c1325da968636a') in 0.015792 seconds 
========================================================================
Received Import Request.
  Time since last request: 1042.976602 seconds.
  path: Assets/Prefabs/New Prefab.prefab
  artifactKey: Guid(6c67fe3ced3646246addf523ec399f1b) Importer(815301076,1909f56bfc062723c751e8b465ee728b)
Start importing Assets/Prefabs/New Prefab.prefab using Guid(6c67fe3ced3646246addf523ec399f1b) Importer(815301076,1909f56bfc062723c751e8b465ee728b)  -> (artifact id: '77f82dad035c4f2269b7c73130b47099') in 0.045617 seconds 
========================================================================
Received Import Request.
  Time since last request: 28.047697 seconds.
  path: Assets/Prefabs/Chemco-labs-room-v2.fbx
  artifactKey: Guid(d056b7096a588014fb49282f161783be) Importer(815301076,1909f56bfc062723c751e8b465ee728b)
Start importing Assets/Prefabs/Chemco-labs-room-v2.fbx using Guid(d056b7096a588014fb49282f161783be) Importer(815301076,1909f56bfc062723c751e8b465ee728b)  -> (artifact id: 'a4b38edc0c4738958c5bf0f826696fe6') in 0.212878 seconds 
========================================================================
Received Import Request.
  Time since last request: 730.053814 seconds.
  path: Assets/Alstrainfinite
  artifactKey: Guid(039efdcaca68cf042b2ba849699276ba) Importer(815301076,1909f56bfc062723c751e8b465ee728b)
Start importing Assets/Alstrainfinite using Guid(039efdcaca68cf042b2ba849699276ba) Importer(815301076,1909f56bfc062723c751e8b465ee728b)  -> (artifact id: '537f20606253abd7f8f74c752dc84701') in 0.007805 seconds 
========================================================================
Received Import Request.
  Time since last request: 0.844420 seconds.
  path: Assets/Alstrainfinite/KitchenAppliances
  artifactKey: Guid(93fc43ac8637f62459221c1175c7c8d3) Importer(815301076,1909f56bfc062723c751e8b465ee728b)
Start importing Assets/Alstrainfinite/KitchenAppliances using Guid(93fc43ac8637f62459221c1175c7c8d3) Importer(815301076,1909f56bfc062723c751e8b465ee728b)  -> (artifact id: '1098ed7285e9eb14e5f66b74a9e8e15f') in 0.007940 seconds 
========================================================================
Received Import Request.
  Time since last request: 26.572858 seconds.
  path: Assets/4wall-w-roof.prefab
  artifactKey: Guid(dcf8492ef12a40b44883222f83d2ec88) Importer(815301076,1909f56bfc062723c751e8b465ee728b)
Start importing Assets/4wall-w-roof.prefab using Guid(dcf8492ef12a40b44883222f83d2ec88) Importer(815301076,1909f56bfc062723c751e8b465ee728b)  -> (artifact id: 'd31a0df400ad55bdc968b9dbecb9f13c') in 0.027938 seconds 
========================================================================
Received Import Request.
  Time since last request: 128.321488 seconds.
  path: Assets/Mini First Person Controller/First Person Controller Minimal.prefab
  artifactKey: Guid(f2e0b7ae4dae8cf44955bccd3512b213) Importer(815301076,1909f56bfc062723c751e8b465ee728b)
Start importing Assets/Mini First Person Controller/First Person Controller Minimal.prefab using Guid(f2e0b7ae4dae8cf44955bccd3512b213) Importer(815301076,1909f56bfc062723c751e8b465ee728b)  -> (artifact id: '06d2accfbddc2d76e9ca0affe0603baf') in 0.018832 seconds 
========================================================================
Received Import Request.
  Time since last request: 250.548836 seconds.
  path: Assets/Prefabs/4wall-w-roof.prefab
  artifactKey: Guid(d9e0b58989e5978428e0947b498c93df) Importer(815301076,1909f56bfc062723c751e8b465ee728b)
Start importing Assets/Prefabs/4wall-w-roof.prefab using Guid(d9e0b58989e5978428e0947b498c93df) Importer(815301076,1909f56bfc062723c751e8b465ee728b)  -> (artifact id: '928cdd5f8d45d4edfa6bd82b0cd310d2') in 0.024823 seconds 
========================================================================
Received Import Request.
  Time since last request: 526.610872 seconds.
  path: Assets/Scripts
  artifactKey: Guid(22f724e1eeca73a44820adb143607be5) Importer(815301076,1909f56bfc062723c751e8b465ee728b)
Start importing Assets/Scripts using Guid(22f724e1eeca73a44820adb143607be5) Importer(815301076,1909f56bfc062723c751e8b465ee728b)  -> (artifact id: '292eaef7a485361b1015caafd96c46ce') in 0.007002 seconds 
